CRITICAL - 2024-10-03 11:49:28 --> CodeIgniter\Database\Exceptions\DataException: There is no data to insert.
[Method: POST, Route: enquiry]
in SYSTEMPATH\BaseModel.php on line 826.
 1 SYSTEMPATH\BaseModel.php(826): CodeIgniter\Database\Exceptions\DataException::forEmptyDataset()
 2 SYSTEMPATH\Model.php(802): CodeIgniter\BaseModel->insert()
 3 APPPATH\Controllers\Home.php(127): CodeIgniter\Model->insert()
 4 SYSTEMPATH\CodeIgniter.php(933): App\Controllers\Home->submitForm()
 5 SYSTEMPATH\CodeIgniter.php(509): CodeIgniter\CodeIgniter->runController()
 6 SYSTEMPATH\CodeIgniter.php(355): CodeIgniter\CodeIgniter->handleRequest()
 7 SYSTEMPATH\Boot.php(325): CodeIgniter\CodeIgniter->run()
 8 SYSTEMPATH\Boot.php(67): CodeIgniter\Boot::runCodeIgniter()
 9 FCPATH\index.php(56): CodeIgniter\Boot::bootWeb()
10 SYSTEMPATH\rewrite.php(44): require_once('C:\\codeigniter4\\public\\index.php')
CRITICAL - 2024-10-03 11:49:29 --> CodeIgniter\Database\Exceptions\DataException: There is no data to insert.
[Method: POST, Route: enquiry]
in SYSTEMPATH\BaseModel.php on line 826.
 1 SYSTEMPATH\BaseModel.php(826): CodeIgniter\Database\Exceptions\DataException::forEmptyDataset()
 2 SYSTEMPATH\Model.php(802): CodeIgniter\BaseModel->insert()
 3 APPPATH\Controllers\Home.php(127): CodeIgniter\Model->insert()
 4 SYSTEMPATH\CodeIgniter.php(933): App\Controllers\Home->submitForm()
 5 SYSTEMPATH\CodeIgniter.php(509): CodeIgniter\CodeIgniter->runController()
 6 SYSTEMPATH\CodeIgniter.php(355): CodeIgniter\CodeIgniter->handleRequest()
 7 SYSTEMPATH\Boot.php(325): CodeIgniter\CodeIgniter->run()
 8 SYSTEMPATH\Boot.php(67): CodeIgniter\Boot::runCodeIgniter()
 9 FCPATH\index.php(56): CodeIgniter\Boot::bootWeb()
10 SYSTEMPATH\rewrite.php(44): require_once('C:\\codeigniter4\\public\\index.php')
